<?xml version="1.0" encoding="UTF-8"?>
<testsuite xmlns:xsi="http://www.w3.org/2001/XMLSchema-instance" xsi:noNamespaceSchemaLocation="https://maven.apache.org/surefire/maven-surefire-plugin/xsd/surefire-test-report-3.0.xsd" version="3.0" name="br.com.fiap.aspersor.SprinklerApplicationTests" time="23.214" tests="1" errors="0" skipped="0" failures="0">
  <properties>
[...]
</properties>
  <testcase name="contextLoads" classname="br.com.fiap.aspersor.SprinklerApplicationTests" time="0.785">
    <system-out><![CDATA[09:33:44.221 [main] INFO org.springframework.test.context.support.AnnotationConfigContextLoaderUtils -- Could not detect default configuration classes for test class [br.com.fiap.aspersor.SprinklerApplicationTests]: SprinklerApplicationTests does not declare any static, non-private, non-final, nested classes annotated with @Configuration.
09:33:44.490 [main] INFO org.springframework.boot.test.context.SpringBootTestContextBootstrapper -- Found @SpringBootConfiguration br.com.fiap.aspersor.SprinklerApplication for test class br.com.fiap.aspersor.SprinklerApplicationTests

  .   ____          _            __ _ _
 /\\ / ___'_ __ _ _(_)_ __  __ _ \ \ \ \
( ( )\___ | '_ | '_| | '_ \/ _` | \ \ \ \
 \\/  ___)| |_)| | | | | || (_| |  ) ) ) )
  '  |____| .__|_| |_|_| |_\__, | / / / /
 =========|_|==============|___/=/_/_/_/

 :: Spring Boot ::                (v3.3.5)

2025-05-02T09:33:45.390-03:00  INFO 79108 --- [sprinkler] [           main] b.c.f.a.SprinklerApplicationTests        : Starting SprinklerApplicationTests using Java 22.0.2 with PID 79108 (started by ipmedia in /Users/ipmedia/Documents/projects/fiap/fiap-microservices/sprinkler)
2025-05-02T09:33:45.392-03:00  INFO 79108 --- [sprinkler] [           main] b.c.f.a.SprinklerApplicationTests        : No active profile set, falling back to 1 default profile: "default"
2025-05-02T09:33:47.398-03:00  INFO 79108 --- [sprinkler] [           main] .s.d.r.c.RepositoryConfigurationDelegate : Bootstrapping Spring Data JPA repositories in DEFAULT mode.
2025-05-02T09:33:47.536-03:00  INFO 79108 --- [sprinkler] [           main] .s.d.r.c.RepositoryConfigurationDelegate : Finished Spring Data repository scanning in 119 ms. Found 2 JPA repository interfaces.
2025-05-02T09:33:48.529-03:00  INFO 79108 --- [sprinkler] [           main] o.hibernate.jpa.internal.util.LogHelper  : HHH000204: Processing PersistenceUnitInfo [name: default]
2025-05-02T09:33:48.650-03:00  INFO 79108 --- [sprinkler] [           main] org.hibernate.Version                    : HHH000412: Hibernate ORM core version 6.5.3.Final
2025-05-02T09:33:48.725-03:00  INFO 79108 --- [sprinkler] [           main] o.h.c.internal.RegionFactoryInitiator    : HHH000026: Second-level cache disabled
2025-05-02T09:33:49.265-03:00  INFO 79108 --- [sprinkler] [           main] o.s.o.j.p.SpringPersistenceUnitInfo      : No LoadTimeWeaver setup: ignoring JPA class transformer
2025-05-02T09:33:49.315-03:00  INFO 79108 --- [sprinkler] [           main] com.zaxxer.hikari.HikariDataSource       : HikariPool-1 - Starting...
2025-05-02T09:33:55.206-03:00  INFO 79108 --- [sprinkler] [           main] com.zaxxer.hikari.pool.HikariPool        : HikariPool-1 - Added connection oracle.jdbc.driver.T4CConnection@9147ba2
2025-05-02T09:33:55.210-03:00  INFO 79108 --- [sprinkler] [           main] com.zaxxer.hikari.HikariDataSource       : HikariPool-1 - Start completed.
2025-05-02T09:33:55.530-03:00  WARN 79108 --- [sprinkler] [           main] org.hibernate.orm.deprecation            : HHH90000025: OracleDialect does not need to be specified explicitly using 'hibernate.dialect' (remove the property setting and it will be selected by default)
2025-05-02T09:33:57.133-03:00  INFO 79108 --- [sprinkler] [           main] o.h.e.t.j.p.i.JtaPlatformInitiator       : HHH000489: No JTA platform available (set 'hibernate.transaction.jta.platform' to enable JTA platform integration)
2025-05-02T09:34:04.746-03:00  INFO 79108 --- [sprinkler] [           main] j.LocalContainerEntityManagerFactoryBean : Initialized JPA EntityManagerFactory for persistence unit 'default'
2025-05-02T09:34:05.186-03:00  WARN 79108 --- [sprinkler] [           main] JpaBaseConfiguration$JpaWebConfiguration : spring.jpa.open-in-view is enabled by default. Therefore, database queries may be performed during view rendering. Explicitly configure spring.jpa.open-in-view to disable this warning
2025-05-02T09:34:05.219-03:00  WARN 79108 --- [sprinkler] [           main] .s.s.UserDetailsServiceAutoConfiguration : 

Using generated security password: 57b8dd87-c3d0-4581-9205-1142d94a0302

This generated password is for development use only. Your security configuration must be updated before running your application in production.

2025-05-02T09:34:05.241-03:00  INFO 79108 --- [sprinkler] [           main] r$InitializeUserDetailsManagerConfigurer : Global AuthenticationManager configured with UserDetailsService bean with name inMemoryUserDetailsManager
2025-05-02T09:34:06.236-03:00  INFO 79108 --- [sprinkler] [           main] b.c.f.a.SprinklerApplicationTests        : Started SprinklerApplicationTests in 21.476 seconds (process running for 24.106)
]]></system-out>
    <system-err><![CDATA[WARNING: A Java agent has been loaded dynamically (/Users/ipmedia/.m2/repository/net/bytebuddy/byte-buddy-agent/1.14.19/byte-buddy-agent-1.14.19.jar)
WARNING: If a serviceability tool is in use, please run with -XX:+EnableDynamicAgentLoading to hide this warning
WARNING: If a serviceability tool is not in use, please run with -Djdk.instrument.traceUsage for more information
WARNING: Dynamic loading of agents will be disallowed by default in a future release
]]></system-err>
  </testcase>
</testsuite>